<?xml version="1.0" encoding="UTF-8" ?>
<testsuite tests="3" failures="0" name="com.qa.ims.services.CustomerServicesTest" time="0.021" errors="0" skipped="0">
  <properties>
[...]
</properties>
  <testcase classname="com.qa.ims.services.CustomerServicesTest" name="customerServicesCreate" time="0.02"/>
  <testcase classname="com.qa.ims.services.CustomerServicesTest" name="customerServicesUpdate" time="0.001"/>
  <testcase classname="com.qa.ims.services.CustomerServicesTest" name="customerServicesRead" time="0"/>
</testsuite>